<?xml version="1.0" encoding="UTF-8"?>
<!-- Generated by org.testng.reporters.JUnitReportReporter -->
<testsuite hostname="DESKTOP-TVMNGDC" failures="0" tests="2" name="Rsetassured.postemployees" time="3.225" errors="0" timestamp="2024-07-18T12:08:33 IST" skipped="1">
  <testcase classname="Rsetassured.postemployees" name="updateAnEmployee" time="3.225"/>
  <system-out/>
  <testcase classname="Rsetassured.postemployees" name="createAnemployee">
    <skipped/>
  </testcase> <!-- createAnemployee -->
  <system-out/>
</testsuite> <!-- Rsetassured.postemployees -->
