<?xml version="1.0" encoding="UTF-8"?>
<!-- Generated by org.testng.reporters.JUnitReportReporter -->
<testsuite hostname="DESKTOP-TVMNGDC" failures="0" tests="3" name="ems.bdd_style.GetAllEmployees" time="2.261" errors="0" timestamp="2024-08-14T14:10:27 IST" skipped="2">
  <testcase classname="ems.bdd_style.GetAllEmployees" name="putAnEmployees" time="2.261"/>
  <system-out/>
  <testcase classname="ems.bdd_style.GetAllEmployees" name="postemployeesBDD">
    <skipped/>
  </testcase> <!-- postemployeesBDD -->
  <system-out/>
  <testcase classname="ems.bdd_style.GetAllEmployees" name="DeleteAnEmployees">
    <skipped/>
  </testcase> <!-- DeleteAnEmployees -->
  <system-out/>
</testsuite> <!-- ems.bdd_style.GetAllEmployees -->
