<?xml version="1.0" encoding="UTF-8"?>
<!-- Generated by org.testng.reporters.JUnitReportReporter -->
<testsuite hostname="DESKTOP-TVMNGDC" failures="0" tests="2" name="Rsetassured.GetallEmployees" time="3.721" errors="0" timestamp="2024-07-18T14:50:22 IST" skipped="1">
  <testcase classname="Rsetassured.GetallEmployees" name="DeleteAnEmployee" time="3.721"/>
  <system-out/>
  <testcase classname="Rsetassured.GetallEmployees" name="getAllEmployees">
    <skipped/>
  </testcase> <!-- getAllEmployees -->
  <system-out/>
</testsuite> <!-- Rsetassured.GetallEmployees -->
